0 info it worked if it ends with ok
1 verbose cli [ 'node',
1 verbose cli   '/Users/kennethzhang/.nvm/v0.10.32/bin/npm',
1 verbose cli   'run',
1 verbose cli   'watcj' ]
2 info using npm@3.5.2
3 info using node@v0.10.32
4 verbose stack Error: missing script: watcj
4 verbose stack     at run (/Users/kennethzhang/.nvm/v0.10.32/lib/node_modules/npm/lib/run-script.js:147:19)
4 verbose stack     at /Users/kennethzhang/.nvm/v0.10.32/lib/node_modules/npm/lib/run-script.js:57:5
4 verbose stack     at /Users/kennethzhang/.nvm/v0.10.32/lib/node_modules/npm/node_modules/read-package-json/read-json.js:345:5
4 verbose stack     at checkBinReferences_ (/Users/kennethzhang/.nvm/v0.10.32/lib/node_modules/npm/node_modules/read-package-json/read-json.js:309:45)
4 verbose stack     at final (/Users/kennethzhang/.nvm/v0.10.32/lib/node_modules/npm/node_modules/read-package-json/read-json.js:343:3)
4 verbose stack     at then (/Users/kennethzhang/.nvm/v0.10.32/lib/node_modules/npm/node_modules/read-package-json/read-json.js:113:5)
4 verbose stack     at /Users/kennethzhang/.nvm/v0.10.32/lib/node_modules/npm/node_modules/read-package-json/read-json.js:300:12
4 verbose stack     at /Users/kennethzhang/.nvm/v0.10.32/lib/node_modules/npm/node_modules/graceful-fs/graceful-fs.js:76:16
4 verbose stack     at fs.js:271:14
4 verbose stack     at /Users/kennethzhang/.nvm/v0.10.32/lib/node_modules/npm/node_modules/graceful-fs/graceful-fs.js:42:10
5 verbose cwd /Users/kennethzhang/Dropbox/Code/Sites/olyranks
6 error Darwin 15.0.0
7 error argv "node" "/Users/kennethzhang/.nvm/v0.10.32/bin/npm" "run" "watcj"
8 error node v0.10.32
9 error npm  v3.5.2
10 error missing script: watcj
11 error If you need help, you may report this error at:
11 error     <https://github.com/npm/npm/issues>
12 verbose exit [ 1, true ]
